
*** Running vivado
    with args -log mips_processor.vdi -applog -m64 -product Vivado -messageDb vivado.pb -mode batch -source mips_processor.tcl -notrace



****** Vivado v2024.2 (64-bit)
  **** SW Build 5239630 on Fri Nov 08 22:35:27 MST 2024
  **** IP Build 5239520 on Sun Nov 10 16:12:51 MST 2024
  **** SharedData Build 5239561 on Fri Nov 08 14:39:27 MST 2024
  **** Start of session at: Tue Jan  7 16:42:51 2025
    ** Copyright 1986-2022 Xilinx, Inc. All Rights Reserved.
    ** Copyright 2022-2024 Advanced Micro Devices, Inc. All Rights Reserved.

source mips_processor.tcl -notrace
Command: link_design -top mips_processor -part xc7z020clg484-1
Design is defaulting to srcset: sources_1
Design is defaulting to constrset: constrs_1
INFO: [Device 21-403] Loading part xc7z020clg484-1
Netlist sorting complete. Time (s): cpu = 00:00:00 ; elapsed = 00:00:00.011 . Memory (MB): peak = 612.777 ; gain = 0.000
INFO: [Netlist 29-17] Analyzing 167 Unisim elements for replacement
INFO: [Netlist 29-28] Unisim Transformation completed in 0 CPU seconds
WARNING: [Netlist 29-101] Netlist 'mips_processor' is not ideal for floorplanning, since the cellview 'register_file' contains a large number of primitives.  Please consider enabling hierarchy in synthesis if you want to do floorplanning.
INFO: [Project 1-479] Netlist was created with Vivado 2024.2
INFO: [Project 1-570] Preparing netlist for logic optimization
Parsing XDC File [D:/HK241/project_1/zc702_rev_3_0.ucf.xdc]
WARNING: [Vivado 12-584] No ports matched 'PL_PJTAG_TDO_R'. [D:/HK241/project_1/zc702_rev_3_0.ucf.xdc:22]
CRITICAL WARNING: [Common 17-55] 'set_property' expects at least one object. [D:/HK241/project_1/zc702_rev_3_0.ucf.xdc:22]
Resolution: If [get_<value>] was used to populate the object, check to make sure this command returns at least one valid object.
WARNING: [Vivado 12-584] No ports matched 'PL_PJTAG_TDO_R'. [D:/HK241/project_1/zc702_rev_3_0.ucf.xdc:23]
CRITICAL WARNING: [Common 17-55] 'set_property' expects at least one object. [D:/HK241/project_1/zc702_rev_3_0.ucf.xdc:23]
Resolution: If [get_<value>] was used to populate the object, check to make sure this command returns at least one valid object.
WARNING: [Vivado 12-584] No ports matched 'PL_PJTAG_TCK'. [D:/HK241/project_1/zc702_rev_3_0.ucf.xdc:24]
CRITICAL WARNING: [Common 17-55] 'set_property' expects at least one object. [D:/HK241/project_1/zc702_rev_3_0.ucf.xdc:24]
Resolution: If [get_<value>] was used to populate the object, check to make sure this command returns at least one valid object.
WARNING: [Vivado 12-584] No ports matched 'PL_PJTAG_TCK'. [D:/HK241/project_1/zc702_rev_3_0.ucf.xdc:25]
CRITICAL WARNING: [Common 17-55] 'set_property' expects at least one object. [D:/HK241/project_1/zc702_rev_3_0.ucf.xdc:25]
Resolution: If [get_<value>] was used to populate the object, check to make sure this command returns at least one valid object.
WARNING: [Vivado 12-584] No ports matched 'PL_PJTAG_TMS'. [D:/HK241/project_1/zc702_rev_3_0.ucf.xdc:26]
CRITICAL WARNING: [Common 17-55] 'set_property' expects at least one object. [D:/HK241/project_1/zc702_rev_3_0.ucf.xdc:26]
Resolution: If [get_<value>] was used to populate the object, check to make sure this command returns at least one valid object.
WARNING: [Vivado 12-584] No ports matched 'PL_PJTAG_TMS'. [D:/HK241/project_1/zc702_rev_3_0.ucf.xdc:27]
CRITICAL WARNING: [Common 17-55] 'set_property' expects at least one object. [D:/HK241/project_1/zc702_rev_3_0.ucf.xdc:27]
Resolution: If [get_<value>] was used to populate the object, check to make sure this command returns at least one valid object.
WARNING: [Vivado 12-584] No ports matched 'PL_PJTAG_TDI'. [D:/HK241/project_1/zc702_rev_3_0.ucf.xdc:28]
CRITICAL WARNING: [Common 17-55] 'set_property' expects at least one object. [D:/HK241/project_1/zc702_rev_3_0.ucf.xdc:28]
Resolution: If [get_<value>] was used to populate the object, check to make sure this command returns at least one valid object.
WARNING: [Vivado 12-584] No ports matched 'PL_PJTAG_TDI'. [D:/HK241/project_1/zc702_rev_3_0.ucf.xdc:29]
CRITICAL WARNING: [Common 17-55] 'set_property' expects at least one object. [D:/HK241/project_1/zc702_rev_3_0.ucf.xdc:29]
Resolution: If [get_<value>] was used to populate the object, check to make sure this command returns at least one valid object.
WARNING: [Vivado 12-584] No ports matched 'IIC_SDA_MAIN_LS'. [D:/HK241/project_1/zc702_rev_3_0.ucf.xdc:30]
CRITICAL WARNING: [Common 17-55] 'set_property' expects at least one object. [D:/HK241/project_1/zc702_rev_3_0.ucf.xdc:30]
Resolution: If [get_<value>] was used to populate the object, check to make sure this command returns at least one valid object.
WARNING: [Vivado 12-584] No ports matched 'IIC_SDA_MAIN_LS'. [D:/HK241/project_1/zc702_rev_3_0.ucf.xdc:31]
CRITICAL WARNING: [Common 17-55] 'set_property' expects at least one object. [D:/HK241/project_1/zc702_rev_3_0.ucf.xdc:31]
Resolution: If [get_<value>] was used to populate the object, check to make sure this command returns at least one valid object.
WARNING: [Vivado 12-584] No ports matched 'IIC_SCL_MAIN_LS'. [D:/HK241/project_1/zc702_rev_3_0.ucf.xdc:32]
CRITICAL WARNING: [Common 17-55] 'set_property' expects at least one object. [D:/HK241/project_1/zc702_rev_3_0.ucf.xdc:32]
Resolution: If [get_<value>] was used to populate the object, check to make sure this command returns at least one valid object.
WARNING: [Vivado 12-584] No ports matched 'IIC_SCL_MAIN_LS'. [D:/HK241/project_1/zc702_rev_3_0.ucf.xdc:33]
CRITICAL WARNING: [Common 17-55] 'set_property' expects at least one object. [D:/HK241/project_1/zc702_rev_3_0.ucf.xdc:33]
Resolution: If [get_<value>] was used to populate the object, check to make sure this command returns at least one valid object.
WARNING: [Vivado 12-584] No ports matched 'PMOD2_1_LS'. [D:/HK241/project_1/zc702_rev_3_0.ucf.xdc:34]
CRITICAL WARNING: [Common 17-55] 'set_property' expects at least one object. [D:/HK241/project_1/zc702_rev_3_0.ucf.xdc:34]
Resolution: If [get_<value>] was used to populate the object, check to make sure this command returns at least one valid object.
WARNING: [Vivado 12-584] No ports matched 'PMOD2_1_LS'. [D:/HK241/project_1/zc702_rev_3_0.ucf.xdc:35]
CRITICAL WARNING: [Common 17-55] 'set_property' expects at least one object. [D:/HK241/project_1/zc702_rev_3_0.ucf.xdc:35]
Resolution: If [get_<value>] was used to populate the object, check to make sure this command returns at least one valid object.
WARNING: [Vivado 12-584] No ports matched 'FMC2_LPC_LA23_P'. [D:/HK241/project_1/zc702_rev_3_0.ucf.xdc:36]
CRITICAL WARNING: [Common 17-55] 'set_property' expects at least one object. [D:/HK241/project_1/zc702_rev_3_0.ucf.xdc:36]
Resolution: If [get_<value>] was used to populate the object, check to make sure this command returns at least one valid object.
WARNING: [Vivado 12-584] No ports matched 'FMC2_LPC_LA23_P'. [D:/HK241/project_1/zc702_rev_3_0.ucf.xdc:37]
CRITICAL WARNING: [Common 17-55] 'set_property' expects at least one object. [D:/HK241/project_1/zc702_rev_3_0.ucf.xdc:37]
Resolution: If [get_<value>] was used to populate the object, check to make sure this command returns at least one valid object.
WARNING: [Vivado 12-584] No ports matched 'FMC2_LPC_LA23_N'. [D:/HK241/project_1/zc702_rev_3_0.ucf.xdc:38]
CRITICAL WARNING: [Common 17-55] 'set_property' expects at least one object. [D:/HK241/project_1/zc702_rev_3_0.ucf.xdc:38]
Resolution: If [get_<value>] was used to populate the object, check to make sure this command returns at least one valid object.
WARNING: [Vivado 12-584] No ports matched 'FMC2_LPC_LA23_N'. [D:/HK241/project_1/zc702_rev_3_0.ucf.xdc:39]
CRITICAL WARNING: [Common 17-55] 'set_property' expects at least one object. [D:/HK241/project_1/zc702_rev_3_0.ucf.xdc:39]
Resolution: If [get_<value>] was used to populate the object, check to make sure this command returns at least one valid object.
WARNING: [Vivado 12-584] No ports matched 'FMC2_LPC_LA26_P'. [D:/HK241/project_1/zc702_rev_3_0.ucf.xdc:40]
CRITICAL WARNING: [Common 17-55] 'set_property' expects at least one object. [D:/HK241/project_1/zc702_rev_3_0.ucf.xdc:40]
Resolution: If [get_<value>] was used to populate the object, check to make sure this command returns at least one valid object.
WARNING: [Vivado 12-584] No ports matched 'FMC2_LPC_LA26_P'. [D:/HK241/project_1/zc702_rev_3_0.ucf.xdc:41]
CRITICAL WARNING: [Common 17-55] 'set_property' expects at least one object. [D:/HK241/project_1/zc702_rev_3_0.ucf.xdc:41]
Resolution: If [get_<value>] was used to populate the object, check to make sure this command returns at least one valid object.
WARNING: [Vivado 12-584] No ports matched 'FMC2_LPC_LA26_N'. [D:/HK241/project_1/zc702_rev_3_0.ucf.xdc:42]
CRITICAL WARNING: [Common 17-55] 'set_property' expects at least one object. [D:/HK241/project_1/zc702_rev_3_0.ucf.xdc:42]
Resolution: If [get_<value>] was used to populate the object, check to make sure this command returns at least one valid object.
WARNING: [Vivado 12-584] No ports matched 'FMC2_LPC_LA26_N'. [D:/HK241/project_1/zc702_rev_3_0.ucf.xdc:43]
CRITICAL WARNING: [Common 17-55] 'set_property' expects at least one object. [D:/HK241/project_1/zc702_rev_3_0.ucf.xdc:43]
Resolution: If [get_<value>] was used to populate the object, check to make sure this command returns at least one valid object.
WARNING: [Vivado 12-584] No ports matched 'FMC2_LPC_LA22_P'. [D:/HK241/project_1/zc702_rev_3_0.ucf.xdc:44]
CRITICAL WARNING: [Common 17-55] 'set_property' expects at least one object. [D:/HK241/project_1/zc702_rev_3_0.ucf.xdc:44]
Resolution: If [get_<value>] was used to populate the object, check to make sure this command returns at least one valid object.
WARNING: [Vivado 12-584] No ports matched 'FMC2_LPC_LA22_P'. [D:/HK241/project_1/zc702_rev_3_0.ucf.xdc:45]
CRITICAL WARNING: [Common 17-55] 'set_property' expects at least one object. [D:/HK241/project_1/zc702_rev_3_0.ucf.xdc:45]
Resolution: If [get_<value>] was used to populate the object, check to make sure this command returns at least one valid object.
WARNING: [Vivado 12-584] No ports matched 'FMC2_LPC_LA22_N'. [D:/HK241/project_1/zc702_rev_3_0.ucf.xdc:46]
CRITICAL WARNING: [Common 17-55] 'set_property' expects at least one object. [D:/HK241/project_1/zc702_rev_3_0.ucf.xdc:46]
Resolution: If [get_<value>] was used to populate the object, check to make sure this command returns at least one valid object.
WARNING: [Vivado 12-584] No ports matched 'FMC2_LPC_LA22_N'. [D:/HK241/project_1/zc702_rev_3_0.ucf.xdc:47]
CRITICAL WARNING: [Common 17-55] 'set_property' expects at least one object. [D:/HK241/project_1/zc702_rev_3_0.ucf.xdc:47]
Resolution: If [get_<value>] was used to populate the object, check to make sure this command returns at least one valid object.
WARNING: [Vivado 12-584] No ports matched 'FMC2_LPC_LA25_P'. [D:/HK241/project_1/zc702_rev_3_0.ucf.xdc:48]
CRITICAL WARNING: [Common 17-55] 'set_property' expects at least one object. [D:/HK241/project_1/zc702_rev_3_0.ucf.xdc:48]
Resolution: If [get_<value>] was used to populate the object, check to make sure this command returns at least one valid object.
WARNING: [Vivado 12-584] No ports matched 'FMC2_LPC_LA25_P'. [D:/HK241/project_1/zc702_rev_3_0.ucf.xdc:49]
CRITICAL WARNING: [Common 17-55] 'set_property' expects at least one object. [D:/HK241/project_1/zc702_rev_3_0.ucf.xdc:49]
Resolution: If [get_<value>] was used to populate the object, check to make sure this command returns at least one valid object.
WARNING: [Vivado 12-584] No ports matched 'FMC2_LPC_LA25_N'. [D:/HK241/project_1/zc702_rev_3_0.ucf.xdc:50]
CRITICAL WARNING: [Common 17-55] 'set_property' expects at least one object. [D:/HK241/project_1/zc702_rev_3_0.ucf.xdc:50]
Resolution: If [get_<value>] was used to populate the object, check to make sure this command returns at least one valid object.
WARNING: [Vivado 12-584] No ports matched 'FMC2_LPC_LA25_N'. [D:/HK241/project_1/zc702_rev_3_0.ucf.xdc:51]
CRITICAL WARNING: [Common 17-55] 'set_property' expects at least one object. [D:/HK241/project_1/zc702_rev_3_0.ucf.xdc:51]
Resolution: If [get_<value>] was used to populate the object, check to make sure this command returns at least one valid object.
WARNING: [Vivado 12-584] No ports matched 'FMC2_LPC_LA29_P'. [D:/HK241/project_1/zc702_rev_3_0.ucf.xdc:52]
CRITICAL WARNING: [Common 17-55] 'set_property' expects at least one object. [D:/HK241/project_1/zc702_rev_3_0.ucf.xdc:52]
Resolution: If [get_<value>] was used to populate the object, check to make sure this command returns at least one valid object.
WARNING: [Vivado 12-584] No ports matched 'FMC2_LPC_LA29_P'. [D:/HK241/project_1/zc702_rev_3_0.ucf.xdc:53]
CRITICAL WARNING: [Common 17-55] 'set_property' expects at least one object. [D:/HK241/project_1/zc702_rev_3_0.ucf.xdc:53]
Resolution: If [get_<value>] was used to populate the object, check to make sure this command returns at least one valid object.
WARNING: [Vivado 12-584] No ports matched 'FMC2_LPC_LA29_N'. [D:/HK241/project_1/zc702_rev_3_0.ucf.xdc:54]
CRITICAL WARNING: [Common 17-55] 'set_property' expects at least one object. [D:/HK241/project_1/zc702_rev_3_0.ucf.xdc:54]
Resolution: If [get_<value>] was used to populate the object, check to make sure this command returns at least one valid object.
WARNING: [Vivado 12-584] No ports matched 'FMC2_LPC_LA29_N'. [D:/HK241/project_1/zc702_rev_3_0.ucf.xdc:55]
CRITICAL WARNING: [Common 17-55] 'set_property' expects at least one object. [D:/HK241/project_1/zc702_rev_3_0.ucf.xdc:55]
Resolution: If [get_<value>] was used to populate the object, check to make sure this command returns at least one valid object.
WARNING: [Vivado 12-584] No ports matched 'FMC2_LPC_LA31_P'. [D:/HK241/project_1/zc702_rev_3_0.ucf.xdc:56]
CRITICAL WARNING: [Common 17-55] 'set_property' expects at least one object. [D:/HK241/project_1/zc702_rev_3_0.ucf.xdc:56]
Resolution: If [get_<value>] was used to populate the object, check to make sure this command returns at least one valid object.
WARNING: [Vivado 12-584] No ports matched 'FMC2_LPC_LA31_P'. [D:/HK241/project_1/zc702_rev_3_0.ucf.xdc:57]
CRITICAL WARNING: [Common 17-55] 'set_property' expects at least one object. [D:/HK241/project_1/zc702_rev_3_0.ucf.xdc:57]
Resolution: If [get_<value>] was used to populate the object, check to make sure this command returns at least one valid object.
WARNING: [Vivado 12-584] No ports matched 'FMC2_LPC_LA31_N'. [D:/HK241/project_1/zc702_rev_3_0.ucf.xdc:58]
CRITICAL WARNING: [Common 17-55] 'set_property' expects at least one object. [D:/HK241/project_1/zc702_rev_3_0.ucf.xdc:58]
Resolution: If [get_<value>] was used to populate the object, check to make sure this command returns at least one valid object.
WARNING: [Vivado 12-584] No ports matched 'FMC2_LPC_LA31_N'. [D:/HK241/project_1/zc702_rev_3_0.ucf.xdc:59]
CRITICAL WARNING: [Common 17-55] 'set_property' expects at least one object. [D:/HK241/project_1/zc702_rev_3_0.ucf.xdc:59]
Resolution: If [get_<value>] was used to populate the object, check to make sure this command returns at least one valid object.
WARNING: [Vivado 12-584] No ports matched 'FMC2_LPC_LA33_P'. [D:/HK241/project_1/zc702_rev_3_0.ucf.xdc:60]
CRITICAL WARNING: [Common 17-55] 'set_property' expects at least one object. [D:/HK241/project_1/zc702_rev_3_0.ucf.xdc:60]
Resolution: If [get_<value>] was used to populate the object, check to make sure this command returns at least one valid object.
WARNING: [Vivado 12-584] No ports matched 'FMC2_LPC_LA33_P'. [D:/HK241/project_1/zc702_rev_3_0.ucf.xdc:61]
CRITICAL WARNING: [Common 17-55] 'set_property' expects at least one object. [D:/HK241/project_1/zc702_rev_3_0.ucf.xdc:61]
Resolution: If [get_<value>] was used to populate the object, check to make sure this command returns at least one valid object.
WARNING: [Vivado 12-584] No ports matched 'FMC2_LPC_LA33_N'. [D:/HK241/project_1/zc702_rev_3_0.ucf.xdc:62]
CRITICAL WARNING: [Common 17-55] 'set_property' expects at least one object. [D:/HK241/project_1/zc702_rev_3_0.ucf.xdc:62]
Resolution: If [get_<value>] was used to populate the object, check to make sure this command returns at least one valid object.
WARNING: [Vivado 12-584] No ports matched 'FMC2_LPC_LA33_N'. [D:/HK241/project_1/zc702_rev_3_0.ucf.xdc:63]
CRITICAL WARNING: [Common 17-55] 'set_property' expects at least one object. [D:/HK241/project_1/zc702_rev_3_0.ucf.xdc:63]
Resolution: If [get_<value>] was used to populate the object, check to make sure this command returns at least one valid object.
WARNING: [Vivado 12-584] No ports matched 'FMC2_LPC_LA18_CC_P'. [D:/HK241/project_1/zc702_rev_3_0.ucf.xdc:64]
CRITICAL WARNING: [Common 17-55] 'set_property' expects at least one object. [D:/HK241/project_1/zc702_rev_3_0.ucf.xdc:64]
Resolution: If [get_<value>] was used to populate the object, check to make sure this command returns at least one valid object.
WARNING: [Vivado 12-584] No ports matched 'FMC2_LPC_LA18_CC_P'. [D:/HK241/project_1/zc702_rev_3_0.ucf.xdc:65]
CRITICAL WARNING: [Common 17-55] 'set_property' expects at least one object. [D:/HK241/project_1/zc702_rev_3_0.ucf.xdc:65]
Resolution: If [get_<value>] was used to populate the object, check to make sure this command returns at least one valid object.
WARNING: [Vivado 12-584] No ports matched 'FMC2_LPC_LA18_CC_N'. [D:/HK241/project_1/zc702_rev_3_0.ucf.xdc:66]
CRITICAL WARNING: [Common 17-55] 'set_property' expects at least one object. [D:/HK241/project_1/zc702_rev_3_0.ucf.xdc:66]
Resolution: If [get_<value>] was used to populate the object, check to make sure this command returns at least one valid object.
WARNING: [Vivado 12-584] No ports matched 'FMC2_LPC_LA18_CC_N'. [D:/HK241/project_1/zc702_rev_3_0.ucf.xdc:67]
CRITICAL WARNING: [Common 17-55] 'set_property' expects at least one object. [D:/HK241/project_1/zc702_rev_3_0.ucf.xdc:67]
Resolution: If [get_<value>] was used to populate the object, check to make sure this command returns at least one valid object.
WARNING: [Vivado 12-584] No ports matched 'USRCLK_P'. [D:/HK241/project_1/zc702_rev_3_0.ucf.xdc:68]
CRITICAL WARNING: [Common 17-55] 'set_property' expects at least one object. [D:/HK241/project_1/zc702_rev_3_0.ucf.xdc:68]
Resolution: If [get_<value>] was used to populate the object, check to make sure this command returns at least one valid object.
WARNING: [Vivado 12-584] No ports matched 'USRCLK_P'. [D:/HK241/project_1/zc702_rev_3_0.ucf.xdc:69]
CRITICAL WARNING: [Common 17-55] 'set_property' expects at least one object. [D:/HK241/project_1/zc702_rev_3_0.ucf.xdc:69]
Resolution: If [get_<value>] was used to populate the object, check to make sure this command returns at least one valid object.
WARNING: [Vivado 12-584] No ports matched 'USRCLK_N'. [D:/HK241/project_1/zc702_rev_3_0.ucf.xdc:70]
CRITICAL WARNING: [Common 17-55] 'set_property' expects at least one object. [D:/HK241/project_1/zc702_rev_3_0.ucf.xdc:70]
Resolution: If [get_<value>] was used to populate the object, check to make sure this command returns at least one valid object.
WARNING: [Vivado 12-584] No ports matched 'USRCLK_N'. [D:/HK241/project_1/zc702_rev_3_0.ucf.xdc:71]
CRITICAL WARNING: [Common 17-55] 'set_property' expects at least one object. [D:/HK241/project_1/zc702_rev_3_0.ucf.xdc:71]
Resolution: If [get_<value>] was used to populate the object, check to make sure this command returns at least one valid object.
WARNING: [Vivado 12-584] No ports matched 'FMC2_LPC_CLK1_M2C_P'. [D:/HK241/project_1/zc702_rev_3_0.ucf.xdc:72]
CRITICAL WARNING: [Common 17-55] 'set_property' expects at least one object. [D:/HK241/project_1/zc702_rev_3_0.ucf.xdc:72]
Resolution: If [get_<value>] was used to populate the object, check to make sure this command returns at least one valid object.
WARNING: [Vivado 12-584] No ports matched 'FMC2_LPC_CLK1_M2C_P'. [D:/HK241/project_1/zc702_rev_3_0.ucf.xdc:73]
CRITICAL WARNING: [Common 17-55] 'set_property' expects at least one object. [D:/HK241/project_1/zc702_rev_3_0.ucf.xdc:73]
Resolution: If [get_<value>] was used to populate the object, check to make sure this command returns at least one valid object.
WARNING: [Vivado 12-584] No ports matched 'FMC2_LPC_CLK1_M2C_N'. [D:/HK241/project_1/zc702_rev_3_0.ucf.xdc:74]
CRITICAL WARNING: [Common 17-55] 'set_property' expects at least one object. [D:/HK241/project_1/zc702_rev_3_0.ucf.xdc:74]
Resolution: If [get_<value>] was used to populate the object, check to make sure this command returns at least one valid object.
WARNING: [Vivado 12-584] No ports matched 'FMC2_LPC_CLK1_M2C_N'. [D:/HK241/project_1/zc702_rev_3_0.ucf.xdc:75]
CRITICAL WARNING: [Common 17-55] 'set_property' expects at least one object. [D:/HK241/project_1/zc702_rev_3_0.ucf.xdc:75]
Resolution: If [get_<value>] was used to populate the object, check to make sure this command returns at least one valid object.
WARNING: [Vivado 12-584] No ports matched 'FMC2_LPC_LA17_CC_P'. [D:/HK241/project_1/zc702_rev_3_0.ucf.xdc:76]
CRITICAL WARNING: [Common 17-55] 'set_property' expects at least one object. [D:/HK241/project_1/zc702_rev_3_0.ucf.xdc:76]
Resolution: If [get_<value>] was used to populate the object, check to make sure this command returns at least one valid object.
WARNING: [Vivado 12-584] No ports matched 'FMC2_LPC_LA17_CC_P'. [D:/HK241/project_1/zc702_rev_3_0.ucf.xdc:77]
CRITICAL WARNING: [Common 17-55] 'set_property' expects at least one object. [D:/HK241/project_1/zc702_rev_3_0.ucf.xdc:77]
Resolution: If [get_<value>] was used to populate the object, check to make sure this command returns at least one valid object.
WARNING: [Vivado 12-584] No ports matched 'FMC2_LPC_LA17_CC_N'. [D:/HK241/project_1/zc702_rev_3_0.ucf.xdc:78]
CRITICAL WARNING: [Common 17-55] 'set_property' expects at least one object. [D:/HK241/project_1/zc702_rev_3_0.ucf.xdc:78]
Resolution: If [get_<value>] was used to populate the object, check to make sure this command returns at least one valid object.
WARNING: [Vivado 12-584] No ports matched 'FMC2_LPC_LA17_CC_N'. [D:/HK241/project_1/zc702_rev_3_0.ucf.xdc:79]
CRITICAL WARNING: [Common 17-55] 'set_property' expects at least one object. [D:/HK241/project_1/zc702_rev_3_0.ucf.xdc:79]
Resolution: If [get_<value>] was used to populate the object, check to make sure this command returns at least one valid object.
WARNING: [Vivado 12-584] No ports matched 'FMC2_LPC_LA27_P'. [D:/HK241/project_1/zc702_rev_3_0.ucf.xdc:80]
CRITICAL WARNING: [Common 17-55] 'set_property' expects at least one object. [D:/HK241/project_1/zc702_rev_3_0.ucf.xdc:80]
Resolution: If [get_<value>] was used to populate the object, check to make sure this command returns at least one valid object.
WARNING: [Vivado 12-584] No ports matched 'FMC2_LPC_LA27_P'. [D:/HK241/project_1/zc702_rev_3_0.ucf.xdc:81]
CRITICAL WARNING: [Common 17-55] 'set_property' expects at least one object. [D:/HK241/project_1/zc702_rev_3_0.ucf.xdc:81]
Resolution: If [get_<value>] was used to populate the object, check to make sure this command returns at least one valid object.
WARNING: [Vivado 12-584] No ports matched 'FMC2_LPC_LA27_N'. [D:/HK241/project_1/zc702_rev_3_0.ucf.xdc:82]
CRITICAL WARNING: [Common 17-55] 'set_property' expects at least one object. [D:/HK241/project_1/zc702_rev_3_0.ucf.xdc:82]
Resolution: If [get_<value>] was used to populate the object, check to make sure this command returns at least one valid object.
WARNING: [Vivado 12-584] No ports matched 'FMC2_LPC_LA27_N'. [D:/HK241/project_1/zc702_rev_3_0.ucf.xdc:83]
CRITICAL WARNING: [Common 17-55] 'set_property' expects at least one object. [D:/HK241/project_1/zc702_rev_3_0.ucf.xdc:83]
Resolution: If [get_<value>] was used to populate the object, check to make sure this command returns at least one valid object.
WARNING: [Vivado 12-584] No ports matched 'FMC2_LPC_LA28_P'. [D:/HK241/project_1/zc702_rev_3_0.ucf.xdc:84]
CRITICAL WARNING: [Common 17-55] 'set_property' expects at least one object. [D:/HK241/project_1/zc702_rev_3_0.ucf.xdc:84]
Resolution: If [get_<value>] was used to populate the object, check to make sure this command returns at least one valid object.
WARNING: [Vivado 12-584] No ports matched 'FMC2_LPC_LA28_P'. [D:/HK241/project_1/zc702_rev_3_0.ucf.xdc:85]
CRITICAL WARNING: [Common 17-55] 'set_property' expects at least one object. [D:/HK241/project_1/zc702_rev_3_0.ucf.xdc:85]
Resolution: If [get_<value>] was used to populate the object, check to make sure this command returns at least one valid object.
WARNING: [Vivado 12-584] No ports matched 'FMC2_LPC_LA28_N'. [D:/HK241/project_1/zc702_rev_3_0.ucf.xdc:86]
CRITICAL WARNING: [Common 17-55] 'set_property' expects at least one object. [D:/HK241/project_1/zc702_rev_3_0.ucf.xdc:86]
Resolution: If [get_<value>] was used to populate the object, check to make sure this command returns at least one valid object.
WARNING: [Vivado 12-584] No ports matched 'FMC2_LPC_LA28_N'. [D:/HK241/project_1/zc702_rev_3_0.ucf.xdc:87]
CRITICAL WARNING: [Common 17-55] 'set_property' expects at least one object. [D:/HK241/project_1/zc702_rev_3_0.ucf.xdc:87]
Resolution: If [get_<value>] was used to populate the object, check to make sure this command returns at least one valid object.
WARNING: [Vivado 12-584] No ports matched 'FMC2_LPC_LA30_P'. [D:/HK241/project_1/zc702_rev_3_0.ucf.xdc:88]
CRITICAL WARNING: [Common 17-55] 'set_property' expects at least one object. [D:/HK241/project_1/zc702_rev_3_0.ucf.xdc:88]
Resolution: If [get_<value>] was used to populate the object, check to make sure this command returns at least one valid object.
WARNING: [Vivado 12-584] No ports matched 'FMC2_LPC_LA30_P'. [D:/HK241/project_1/zc702_rev_3_0.ucf.xdc:89]
CRITICAL WARNING: [Common 17-55] 'set_property' expects at least one object. [D:/HK241/project_1/zc702_rev_3_0.ucf.xdc:89]
Resolution: If [get_<value>] was used to populate the object, check to make sure this command returns at least one valid object.
WARNING: [Vivado 12-584] No ports matched 'FMC2_LPC_LA30_N'. [D:/HK241/project_1/zc702_rev_3_0.ucf.xdc:90]
CRITICAL WARNING: [Common 17-55] 'set_property' expects at least one object. [D:/HK241/project_1/zc702_rev_3_0.ucf.xdc:90]
Resolution: If [get_<value>] was used to populate the object, check to make sure this command returns at least one valid object.
WARNING: [Vivado 12-584] No ports matched 'FMC2_LPC_LA30_N'. [D:/HK241/project_1/zc702_rev_3_0.ucf.xdc:91]
CRITICAL WARNING: [Common 17-55] 'set_property' expects at least one object. [D:/HK241/project_1/zc702_rev_3_0.ucf.xdc:91]
Resolution: If [get_<value>] was used to populate the object, check to make sure this command returns at least one valid object.
WARNING: [Vivado 12-584] No ports matched 'FMC2_LPC_LA32_P'. [D:/HK241/project_1/zc702_rev_3_0.ucf.xdc:92]
CRITICAL WARNING: [Common 17-55] 'set_property' expects at least one object. [D:/HK241/project_1/zc702_rev_3_0.ucf.xdc:92]
Resolution: If [get_<value>] was used to populate the object, check to make sure this command returns at least one valid object.
WARNING: [Vivado 12-584] No ports matched 'FMC2_LPC_LA32_P'. [D:/HK241/project_1/zc702_rev_3_0.ucf.xdc:93]
CRITICAL WARNING: [Common 17-55] 'set_property' expects at least one object. [D:/HK241/project_1/zc702_rev_3_0.ucf.xdc:93]
Resolution: If [get_<value>] was used to populate the object, check to make sure this command returns at least one valid object.
WARNING: [Vivado 12-584] No ports matched 'FMC2_LPC_LA32_N'. [D:/HK241/project_1/zc702_rev_3_0.ucf.xdc:94]
CRITICAL WARNING: [Common 17-55] 'set_property' expects at least one object. [D:/HK241/project_1/zc702_rev_3_0.ucf.xdc:94]
Resolution: If [get_<value>] was used to populate the object, check to make sure this command returns at least one valid object.
WARNING: [Vivado 12-584] No ports matched 'FMC2_LPC_LA32_N'. [D:/HK241/project_1/zc702_rev_3_0.ucf.xdc:95]
CRITICAL WARNING: [Common 17-55] 'set_property' expects at least one object. [D:/HK241/project_1/zc702_rev_3_0.ucf.xdc:95]
Resolution: If [get_<value>] was used to populate the object, check to make sure this command returns at least one valid object.
WARNING: [Vivado 12-584] No ports matched 'FMC2_LPC_LA19_P'. [D:/HK241/project_1/zc702_rev_3_0.ucf.xdc:96]
CRITICAL WARNING: [Common 17-55] 'set_property' expects at least one object. [D:/HK241/project_1/zc702_rev_3_0.ucf.xdc:96]
Resolution: If [get_<value>] was used to populate the object, check to make sure this command returns at least one valid object.
WARNING: [Vivado 12-584] No ports matched 'FMC2_LPC_LA19_P'. [D:/HK241/project_1/zc702_rev_3_0.ucf.xdc:97]
CRITICAL WARNING: [Common 17-55] 'set_property' expects at least one object. [D:/HK241/project_1/zc702_rev_3_0.ucf.xdc:97]
Resolution: If [get_<value>] was used to populate the object, check to make sure this command returns at least one valid object.
WARNING: [Vivado 12-584] No ports matched 'FMC2_LPC_LA19_N'. [D:/HK241/project_1/zc702_rev_3_0.ucf.xdc:98]
CRITICAL WARNING: [Common 17-55] 'set_property' expects at least one object. [D:/HK241/project_1/zc702_rev_3_0.ucf.xdc:98]
Resolution: If [get_<value>] was used to populate the object, check to make sure this command returns at least one valid object.
WARNING: [Vivado 12-584] No ports matched 'FMC2_LPC_LA19_N'. [D:/HK241/project_1/zc702_rev_3_0.ucf.xdc:99]
CRITICAL WARNING: [Common 17-55] 'set_property' expects at least one object. [D:/HK241/project_1/zc702_rev_3_0.ucf.xdc:99]
Resolution: If [get_<value>] was used to populate the object, check to make sure this command returns at least one valid object.
WARNING: [Vivado 12-584] No ports matched 'FMC2_LPC_LA20_P'. [D:/HK241/project_1/zc702_rev_3_0.ucf.xdc:100]
CRITICAL WARNING: [Common 17-55] 'set_property' expects at least one object. [D:/HK241/project_1/zc702_rev_3_0.ucf.xdc:100]
Resolution: If [get_<value>] was used to populate the object, check to make sure this command returns at least one valid object.
WARNING: [Vivado 12-584] No ports matched 'FMC2_LPC_LA20_P'. [D:/HK241/project_1/zc702_rev_3_0.ucf.xdc:101]
CRITICAL WARNING: [Common 17-55] 'set_property' expects at least one object. [D:/HK241/project_1/zc702_rev_3_0.ucf.xdc:101]
Resolution: If [get_<value>] was used to populate the object, check to make sure this command returns at least one valid object.
WARNING: [Vivado 12-584] No ports matched 'FMC2_LPC_LA20_N'. [D:/HK241/project_1/zc702_rev_3_0.ucf.xdc:102]
CRITICAL WARNING: [Common 17-55] 'set_property' expects at least one object. [D:/HK241/project_1/zc702_rev_3_0.ucf.xdc:102]
Resolution: If [get_<value>] was used to populate the object, check to make sure this command returns at least one valid object.
WARNING: [Vivado 12-584] No ports matched 'FMC2_LPC_LA20_N'. [D:/HK241/project_1/zc702_rev_3_0.ucf.xdc:103]
CRITICAL WARNING: [Common 17-55] 'set_property' expects at least one object. [D:/HK241/project_1/zc702_rev_3_0.ucf.xdc:103]
Resolution: If [get_<value>] was used to populate the object, check to make sure this command returns at least one valid object.
WARNING: [Vivado 12-584] No ports matched 'FMC2_LPC_LA21_P'. [D:/HK241/project_1/zc702_rev_3_0.ucf.xdc:104]
CRITICAL WARNING: [Common 17-55] 'set_property' expects at least one object. [D:/HK241/project_1/zc702_rev_3_0.ucf.xdc:104]
Resolution: If [get_<value>] was used to populate the object, check to make sure this command returns at least one valid object.
WARNING: [Vivado 12-584] No ports matched 'FMC2_LPC_LA21_P'. [D:/HK241/project_1/zc702_rev_3_0.ucf.xdc:105]
CRITICAL WARNING: [Common 17-55] 'set_property' expects at least one object. [D:/HK241/project_1/zc702_rev_3_0.ucf.xdc:105]
Resolution: If [get_<value>] was used to populate the object, check to make sure this command returns at least one valid object.
WARNING: [Vivado 12-584] No ports matched 'FMC2_LPC_LA21_N'. [D:/HK241/project_1/zc702_rev_3_0.ucf.xdc:106]
CRITICAL WARNING: [Common 17-55] 'set_property' expects at least one object. [D:/HK241/project_1/zc702_rev_3_0.ucf.xdc:106]
Resolution: If [get_<value>] was used to populate the object, check to make sure this command returns at least one valid object.
WARNING: [Vivado 12-584] No ports matched 'FMC2_LPC_LA21_N'. [D:/HK241/project_1/zc702_rev_3_0.ucf.xdc:107]
CRITICAL WARNING: [Common 17-55] 'set_property' expects at least one object. [D:/HK241/project_1/zc702_rev_3_0.ucf.xdc:107]
Resolution: If [get_<value>] was used to populate the object, check to make sure this command returns at least one valid object.
WARNING: [Vivado 12-584] No ports matched 'FMC2_LPC_LA24_P'. [D:/HK241/project_1/zc702_rev_3_0.ucf.xdc:108]
CRITICAL WARNING: [Common 17-55] 'set_property' expects at least one object. [D:/HK241/project_1/zc702_rev_3_0.ucf.xdc:108]
Resolution: If [get_<value>] was used to populate the object, check to make sure this command returns at least one valid object.
WARNING: [Vivado 12-584] No ports matched 'FMC2_LPC_LA24_P'. [D:/HK241/project_1/zc702_rev_3_0.ucf.xdc:109]
CRITICAL WARNING: [Common 17-55] 'set_property' expects at least one object. [D:/HK241/project_1/zc702_rev_3_0.ucf.xdc:109]
Resolution: If [get_<value>] was used to populate the object, check to make sure this command returns at least one valid object.
WARNING: [Vivado 12-584] No ports matched 'FMC2_LPC_LA24_N'. [D:/HK241/project_1/zc702_rev_3_0.ucf.xdc:110]
CRITICAL WARNING: [Common 17-55] 'set_property' expects at least one object. [D:/HK241/project_1/zc702_rev_3_0.ucf.xdc:110]
Resolution: If [get_<value>] was used to populate the object, check to make sure this command returns at least one valid object.
WARNING: [Vivado 12-584] No ports matched 'FMC2_LPC_LA24_N'. [D:/HK241/project_1/zc702_rev_3_0.ucf.xdc:111]
CRITICAL WARNING: [Common 17-55] 'set_property' expects at least one object. [D:/HK241/project_1/zc702_rev_3_0.ucf.xdc:111]
Resolution: If [get_<value>] was used to populate the object, check to make sure this command returns at least one valid object.
WARNING: [Vivado 12-584] No ports matched 'PMOD2_0_LS'. [D:/HK241/project_1/zc702_rev_3_0.ucf.xdc:112]
CRITICAL WARNING: [Common 17-55] 'set_property' expects at least one object. [D:/HK241/project_1/zc702_rev_3_0.ucf.xdc:112]
Resolution: If [get_<value>] was used to populate the object, check to make sure this command returns at least one valid object.
WARNING: [Vivado 12-584] No ports matched 'PMOD2_0_LS'. [D:/HK241/project_1/zc702_rev_3_0.ucf.xdc:113]
CRITICAL WARNING: [Common 17-55] 'set_property' expects at least one object. [D:/HK241/project_1/zc702_rev_3_0.ucf.xdc:113]
Resolution: If [get_<value>] was used to populate the object, check to make sure this command returns at least one valid object.
WARNING: [Vivado 12-584] No ports matched 'GPIO_DIP_SW1'. [D:/HK241/project_1/zc702_rev_3_0.ucf.xdc:114]
CRITICAL WARNING: [Common 17-55] 'set_property' expects at least one object. [D:/HK241/project_1/zc702_rev_3_0.ucf.xdc:114]
Resolution: If [get_<value>] was used to populate the object, check to make sure this command returns at least one valid object.
WARNING: [Vivado 12-584] No ports matched 'GPIO_DIP_SW1'. [D:/HK241/project_1/zc702_rev_3_0.ucf.xdc:115]
CRITICAL WARNING: [Common 17-55] 'set_property' expects at least one object. [D:/HK241/project_1/zc702_rev_3_0.ucf.xdc:115]
Resolution: If [get_<value>] was used to populate the object, check to make sure this command returns at least one valid object.
WARNING: [Vivado 12-584] No ports matched 'GPIO_DIP_SW0'. [D:/HK241/project_1/zc702_rev_3_0.ucf.xdc:116]
CRITICAL WARNING: [Common 17-55] 'set_property' expects at least one object. [D:/HK241/project_1/zc702_rev_3_0.ucf.xdc:116]
Resolution: If [get_<value>] was used to populate the object, check to make sure this command returns at least one valid object.
WARNING: [Vivado 12-584] No ports matched 'GPIO_DIP_SW0'. [D:/HK241/project_1/zc702_rev_3_0.ucf.xdc:117]
CRITICAL WARNING: [Common 17-55] 'set_property' expects at least one object. [D:/HK241/project_1/zc702_rev_3_0.ucf.xdc:117]
Resolution: If [get_<value>] was used to populate the object, check to make sure this command returns at least one valid object.
WARNING: [Vivado 12-584] No ports matched 'PMOD1_3_LS'. [D:/HK241/project_1/zc702_rev_3_0.ucf.xdc:118]
CRITICAL WARNING: [Common 17-55] 'set_property' expects at least one object. [D:/HK241/project_1/zc702_rev_3_0.ucf.xdc:118]
Resolution: If [get_<value>] was used to populate the object, check to make sure this command returns at least one valid object.
WARNING: [Vivado 12-584] No ports matched 'PMOD1_3_LS'. [D:/HK241/project_1/zc702_rev_3_0.ucf.xdc:119]
CRITICAL WARNING: [Common 17-55] 'set_property' expects at least one object. [D:/HK241/project_1/zc702_rev_3_0.ucf.xdc:119]
Resolution: If [get_<value>] was used to populate the object, check to make sure this command returns at least one valid object.
WARNING: [Vivado 12-584] No ports matched 'IIC_RTC_IRQ_1_B'. [D:/HK241/project_1/zc702_rev_3_0.ucf.xdc:120]
CRITICAL WARNING: [Common 17-55] 'set_property' expects at least one object. [D:/HK241/project_1/zc702_rev_3_0.ucf.xdc:120]
Resolution: If [get_<value>] was used to populate the object, check to make sure this command returns at least one valid object.
WARNING: [Vivado 12-584] No ports matched 'IIC_RTC_IRQ_1_B'. [D:/HK241/project_1/zc702_rev_3_0.ucf.xdc:121]
INFO: [Common 17-14] Message 'Vivado 12-584' appears 100 times and further instances of the messages will be disabled. Use the Tcl command set_msg_config to change the current settings. [D:/HK241/project_1/zc702_rev_3_0.ucf.xdc:121]
CRITICAL WARNING: [Common 17-55] 'set_property' expects at least one object. [D:/HK241/project_1/zc702_rev_3_0.ucf.xdc:121]
Resolution: If [get_<value>] was used to populate the object, check to make sure this command returns at least one valid object.
INFO: [Common 17-14] Message 'Common 17-55' appears 100 times and further instances of the messages will be disabled. Use the Tcl command set_msg_config to change the current settings. [D:/HK241/project_1/zc702_rev_3_0.ucf.xdc:121]
Finished Parsing XDC File [D:/HK241/project_1/zc702_rev_3_0.ucf.xdc]
INFO: [Opt 31-138] Pushed 0 inverter(s) to 0 load pin(s).
Netlist sorting complete. Time (s): cpu = 00:00:00 ; elapsed = 00:00:00 . Memory (MB): peak = 750.961 ; gain = 0.000
INFO: [Project 1-111] Unisim Transformation Summary:
  A total of 32 instances were transformed.
  RAM64X1S => RAM64X1S (RAMS64E): 32 instances

9 Infos, 101 Warnings, 100 Critical Warnings and 0 Errors encountered.
link_design completed successfully
link_design: Time (s): cpu = 00:00:03 ; elapsed = 00:00:06 . Memory (MB): peak = 750.961 ; gain = 383.863
Command: opt_design
Attempting to get a license for feature 'Implementation' and/or device 'xc7z020'
INFO: [Common 17-349] Got license for feature 'Implementation' and/or device 'xc7z020'
Running DRC as a precondition to command opt_design

Starting DRC Task
INFO: [DRC 23-27] Running DRC with 2 threads
INFO: [Project 1-461] DRC finished with 0 Errors
INFO: [Project 1-462] Please refer to the DRC report (report_drc) for more information.

Time (s): cpu = 00:00:01 ; elapsed = 00:00:00.741 . Memory (MB): peak = 784.750 ; gain = 33.789

Starting Cache Timing Information Task
INFO: [Timing 38-35] Done setting XDC timing constraints.
Ending Cache Timing Information Task | Checksum: 1a18277a0

Time (s): cpu = 00:00:04 ; elapsed = 00:00:07 . Memory (MB): peak = 1329.832 ; gain = 545.082

Starting Logic Optimization Task

Phase 1 Initialization

Phase 1.1 Core Generation And Design Setup
Phase 1.1 Core Generation And Design Setup | Checksum: 1a18277a0

Time (s): cpu = 00:00:00 ; elapsed = 00:00:00.002 . Memory (MB): peak = 1731.574 ; gain = 0.000

Phase 1.2 Setup Constraints And Sort Netlist
Phase 1.2 Setup Constraints And Sort Netlist | Checksum: 1a18277a0

Time (s): cpu = 00:00:00 ; elapsed = 00:00:00.003 . Memory (MB): peak = 1731.574 ; gain = 0.000
Phase 1 Initialization | Checksum: 1a18277a0

Time (s): cpu = 00:00:00 ; elapsed = 00:00:00.003 . Memory (MB): peak = 1731.574 ; gain = 0.000

Phase 2 Timer Update And Timing Data Collection

Phase 2.1 Timer Update
Phase 2.1 Timer Update | Checksum: 1a18277a0

Time (s): cpu = 00:00:00 ; elapsed = 00:00:00.029 . Memory (MB): peak = 1731.574 ; gain = 0.000

Phase 2.2 Timing Data Collection
Phase 2.2 Timing Data Collection | Checksum: 1a18277a0

Time (s): cpu = 00:00:00 ; elapsed = 00:00:00.034 . Memory (MB): peak = 1731.574 ; gain = 0.000
Phase 2 Timer Update And Timing Data Collection | Checksum: 1a18277a0

Time (s): cpu = 00:00:00 ; elapsed = 00:00:00.035 . Memory (MB): peak = 1731.574 ; gain = 0.000

Phase 3 Retarget
INFO: [Opt 31-1851] Number of loadless carry chains removed were: 0
INFO: [Opt 31-1834] Total Chains To Be Transformed Were: 0 AND Number of Transformed insts Created are: 0
INFO: [Opt 31-138] Pushed 0 inverter(s) to 0 load pin(s).
INFO: [Opt 31-49] Retargeted 0 cell(s).
Phase 3 Retarget | Checksum: 1a18277a0

Time (s): cpu = 00:00:00 ; elapsed = 00:00:00.046 . Memory (MB): peak = 1731.574 ; gain = 0.000
Retarget | Checksum: 1a18277a0
INFO: [Opt 31-389] Phase Retarget created 0 cells and removed 0 cells

Phase 4 Constant propagation
INFO: [Opt 31-138] Pushed 0 inverter(s) to 0 load pin(s).
Phase 4 Constant propagation | Checksum: 13b690002

Time (s): cpu = 00:00:00 ; elapsed = 00:00:00.056 . Memory (MB): peak = 1731.574 ; gain = 0.000
Constant propagation | Checksum: 13b690002
INFO: [Opt 31-389] Phase Constant propagation created 0 cells and removed 0 cells

Phase 5 Sweep
INFO: [Constraints 18-11670] Building netlist checker database with flags, 0x8
Done building netlist checker database: Time (s): cpu = 00:00:00 ; elapsed = 00:00:00 . Memory (MB): peak = 1731.574 ; gain = 0.000
Phase 5 Sweep | Checksum: 125ed2ff3

Time (s): cpu = 00:00:00 ; elapsed = 00:00:00.067 . Memory (MB): peak = 1731.574 ; gain = 0.000
Sweep | Checksum: 125ed2ff3
INFO: [Opt 31-389] Phase Sweep created 0 cells and removed 0 cells

Phase 6 BUFG optimization
Phase 6 BUFG optimization | Checksum: 125ed2ff3

Time (s): cpu = 00:00:00 ; elapsed = 00:00:00.103 . Memory (MB): peak = 1731.574 ; gain = 0.000
BUFG optimization | Checksum: 125ed2ff3
INFO: [Opt 31-662] Phase BUFG optimization created 0 cells of which 0 are BUFGs and removed 0 cells.

Phase 7 Shift Register Optimization
INFO: [Opt 31-1064] SRL Remap converted 0 SRLs to 0 registers and converted 0 registers of register chains to 0 SRLs
Phase 7 Shift Register Optimization | Checksum: 125ed2ff3

Time (s): cpu = 00:00:00 ; elapsed = 00:00:00.106 . Memory (MB): peak = 1731.574 ; gain = 0.000
Shift Register Optimization | Checksum: 125ed2ff3
INFO: [Opt 31-389] Phase Shift Register Optimization created 0 cells and removed 0 cells

Phase 8 Post Processing Netlist
Phase 8 Post Processing Netlist | Checksum: 125ed2ff3

Time (s): cpu = 00:00:00 ; elapsed = 00:00:00.110 . Memory (MB): peak = 1731.574 ; gain = 0.000
Post Processing Netlist | Checksum: 125ed2ff3
INFO: [Opt 31-389] Phase Post Processing Netlist created 0 cells and removed 0 cells

Phase 9 Finalization

Phase 9.1 Finalizing Design Cores and Updating Shapes
Phase 9.1 Finalizing Design Cores and Updating Shapes | Checksum: db7ab30a

Time (s): cpu = 00:00:00 ; elapsed = 00:00:00.135 . Memory (MB): peak = 1731.574 ; gain = 0.000

Phase 9.2 Verifying Netlist Connectivity

Starting Connectivity Check Task

Time (s): cpu = 00:00:00 ; elapsed = 00:00:00.009 . Memory (MB): peak = 1731.574 ; gain = 0.000
Phase 9.2 Verifying Netlist Connectivity | Checksum: db7ab30a

Time (s): cpu = 00:00:00 ; elapsed = 00:00:00.145 . Memory (MB): peak = 1731.574 ; gain = 0.000
Phase 9 Finalization | Checksum: db7ab30a

Time (s): cpu = 00:00:00 ; elapsed = 00:00:00.145 . Memory (MB): peak = 1731.574 ; gain = 0.000
Opt_design Change Summary
=========================


-------------------------------------------------------------------------------------------------------------------------
|  Phase                        |  #Cells created  |  #Cells Removed  |  #Constrained objects preventing optimizations  |
-------------------------------------------------------------------------------------------------------------------------
|  Retarget                     |               0  |               0  |                                              0  |
|  Constant propagation         |               0  |               0  |                                              0  |
|  Sweep                        |               0  |               0  |                                              0  |
|  BUFG optimization            |               0  |               0  |                                              0  |
|  Shift Register Optimization  |               0  |               0  |                                              0  |
|  Post Processing Netlist      |               0  |               0  |                                              0  |
-------------------------------------------------------------------------------------------------------------------------


Ending Logic Optimization Task | Checksum: db7ab30a

Time (s): cpu = 00:00:00 ; elapsed = 00:00:00.147 . Memory (MB): peak = 1731.574 ; gain = 0.000

Starting Power Optimization Task
INFO: [Pwropt 34-132] Skipping clock gating for clocks with a period < 2.00 ns.
Ending Power Optimization Task | Checksum: db7ab30a

Time (s): cpu = 00:00:00 ; elapsed = 00:00:00.010 . Memory (MB): peak = 1731.574 ; gain = 0.000

Starting Final Cleanup Task
Ending Final Cleanup Task | Checksum: db7ab30a

Time (s): cpu = 00:00:00 ; elapsed = 00:00:00.001 . Memory (MB): peak = 1731.574 ; gain = 0.000

Starting Netlist Obfuscation Task
Netlist sorting complete. Time (s): cpu = 00:00:00 ; elapsed = 00:00:00 . Memory (MB): peak = 1731.574 ; gain = 0.000
Ending Netlist Obfuscation Task | Checksum: db7ab30a

Time (s): cpu = 00:00:00 ; elapsed = 00:00:00.001 . Memory (MB): peak = 1731.574 ; gain = 0.000
INFO: [Common 17-83] Releasing license: Implementation
29 Infos, 101 Warnings, 100 Critical Warnings and 0 Errors encountered.
opt_design completed successfully
opt_design: Time (s): cpu = 00:00:07 ; elapsed = 00:00:11 . Memory (MB): peak = 1731.574 ; gain = 980.613
INFO: [Vivado 12-24828] Executing command : report_drc -file mips_processor_drc_opted.rpt -pb mips_processor_drc_opted.pb -rpx mips_processor_drc_opted.rpx
Command: report_drc -file mips_processor_drc_opted.rpt -pb mips_processor_drc_opted.pb -rpx mips_processor_drc_opted.rpx
INFO: [IP_Flow 19-234] Refreshing IP repositories
INFO: [IP_Flow 19-1704] No user IP repositories specified
INFO: [IP_Flow 19-2313] Loaded Vivado IP repository 'D:/Vivado/2024.2/data/ip'.
INFO: [DRC 23-27] Running DRC with 2 threads
INFO: [Vivado_Tcl 2-168] The results of DRC are in file D:/HK241/project_1/project_1.runs/impl_1/mips_processor_drc_opted.rpt.
report_drc completed successfully
INFO: [Timing 38-480] Writing timing data to binary archive.
Write ShapeDB Complete: Time (s): cpu = 00:00:00 ; elapsed = 00:00:00.003 . Memory (MB): peak = 1731.574 ; gain = 0.000
INFO: [Common 17-1381] The checkpoint 'D:/HK241/project_1/project_1.runs/impl_1/mips_processor_opt.dcp' has been generated.
Command: place_design
Attempting to get a license for feature 'Implementation' and/or device 'xc7z020'
INFO: [Common 17-349] Got license for feature 'Implementation' and/or device 'xc7z020'
INFO: [Common 17-83] Releasing license: Implementation
INFO: [DRC 23-27] Running DRC with 2 threads
INFO: [Vivado_Tcl 4-198] DRC finished with 0 Errors
INFO: [Vivado_Tcl 4-199] Please refer to the DRC report (report_drc) for more information.
Running DRC as a precondition to command place_design
INFO: [DRC 23-27] Running DRC with 2 threads
INFO: [Vivado_Tcl 4-198] DRC finished with 0 Errors
INFO: [Vivado_Tcl 4-199] Please refer to the DRC report (report_drc) for more information.
INFO: [Place 30-611] Multithreading enabled for place_design using a maximum of 2 CPUs

Starting Placer Task

Phase 1 Placer Initialization

Phase 1.1 Placer Initialization Netlist Sorting
Netlist sorting complete. Time (s): cpu = 00:00:00 ; elapsed = 00:00:00 . Memory (MB): peak = 1731.574 ; gain = 0.000
Phase 1.1 Placer Initialization Netlist Sorting | Checksum: c42b7039

Time (s): cpu = 00:00:00 ; elapsed = 00:00:00.001 . Memory (MB): peak = 1731.574 ; gain = 0.000
Netlist sorting complete. Time (s): cpu = 00:00:00 ; elapsed = 00:00:00.001 . Memory (MB): peak = 1731.574 ; gain = 0.000

Phase 1.2 IO Placement/ Clock Placement/ Build Placer Device
INFO: [Timing 38-35] Done setting XDC timing constraints.
Phase 1.2 IO Placement/ Clock Placement/ Build Placer Device | Checksum: 12fee5532

Time (s): cpu = 00:00:00 ; elapsed = 00:00:00.297 . Memory (MB): peak = 1731.574 ; gain = 0.000

Phase 1.3 Build Placer Netlist Model
Phase 1.3 Build Placer Netlist Model | Checksum: 1bfc624c2

Time (s): cpu = 00:00:00 ; elapsed = 00:00:00.490 . Memory (MB): peak = 1731.574 ; gain = 0.000

Phase 1.4 Constrain Clocks/Macros
Phase 1.4 Constrain Clocks/Macros | Checksum: 1bfc624c2

Time (s): cpu = 00:00:00 ; elapsed = 00:00:00.493 . Memory (MB): peak = 1731.574 ; gain = 0.000
Phase 1 Placer Initialization | Checksum: 1bfc624c2

Time (s): cpu = 00:00:00 ; elapsed = 00:00:00.497 . Memory (MB): peak = 1731.574 ; gain = 0.000

Phase 2 Global Placement

Phase 2.1 Floorplanning
Phase 2.1 Floorplanning | Checksum: 1710d5582

Time (s): cpu = 00:00:01 ; elapsed = 00:00:00.627 . Memory (MB): peak = 1731.574 ; gain = 0.000

Phase 2.2 Update Timing before SLR Path Opt
Phase 2.2 Update Timing before SLR Path Opt | Checksum: 13f1ae47f

Time (s): cpu = 00:00:01 ; elapsed = 00:00:00.706 . Memory (MB): peak = 1731.574 ; gain = 0.000

Phase 2.3 Post-Processing in Floorplanning
Phase 2.3 Post-Processing in Floorplanning | Checksum: 13f1ae47f

Time (s): cpu = 00:00:01 ; elapsed = 00:00:00.709 . Memory (MB): peak = 1731.574 ; gain = 0.000

Phase 2.4 Global Place Phase1
Phase 2.4 Global Place Phase1 | Checksum: 2278e3ef2

Time (s): cpu = 00:00:02 ; elapsed = 00:00:02 . Memory (MB): peak = 1731.574 ; gain = 0.000

Phase 2.5 Global Place Phase2

Phase 2.5.1 UpdateTiming Before Physical Synthesis
Phase 2.5.1 UpdateTiming Before Physical Synthesis | Checksum: 2121d4607

Time (s): cpu = 00:00:02 ; elapsed = 00:00:02 . Memory (MB): peak = 1731.574 ; gain = 0.000

Phase 2.5.2 Physical Synthesis In Placer
INFO: [Physopt 32-1035] Found 24 LUTNM shape to break, 7 LUT instances to create LUTNM shape
INFO: [Physopt 32-1044] Break lutnm for timing: one critical 9, two critical 15, total 24, new lutff created 0
INFO: [Physopt 32-1138] End 1 Pass. Optimized 26 nets or LUTs. Breaked 24 LUTs, combined 2 existing LUTs and moved 0 existing LUT
INFO: [Physopt 32-65] No nets found for high-fanout optimization.
INFO: [Physopt 32-232] Optimized 0 net. Created 0 new instance.
INFO: [Physopt 32-775] End 1 Pass. Optimized 0 net or cell. Created 0 new cell, deleted 0 existing cell and moved 0 existing cell
INFO: [Physopt 32-456] No candidate cells for DSP register optimization found in the design.
INFO: [Physopt 32-775] End 2 Pass. Optimized 0 net or cell. Created 0 new cell, deleted 0 existing cell and moved 0 existing cell
INFO: [Physopt 32-1123] No candidate cells found for Shift Register to Pipeline optimization
INFO: [Physopt 32-775] End 2 Pass. Optimized 0 net or cell. Created 0 new cell, deleted 0 existing cell and moved 0 existing cell
INFO: [Physopt 32-1401] No candidate cells found for Shift Register optimization.
INFO: [Physopt 32-677] No candidate cells for Shift Register optimization found in the design
INFO: [Physopt 32-775] End 1 Pass. Optimized 0 net or cell. Created 0 new cell, deleted 0 existing cell and moved 0 existing cell
INFO: [Physopt 32-526] No candidate cells for BRAM register optimization found in the design
INFO: [Physopt 32-775] End 1 Pass. Optimized 0 net or cell. Created 0 new cell, deleted 0 existing cell and moved 0 existing cell
INFO: [Physopt 32-846] No candidate cells for URAM register optimization found in the design
INFO: [Physopt 32-775] End 1 Pass. Optimized 0 net or cell. Created 0 new cell, deleted 0 existing cell and moved 0 existing cell
INFO: [Physopt 32-846] No candidate cells for URAM register optimization found in the design
INFO: [Physopt 32-775] End 1 Pass. Optimized 0 net or cell. Created 0 new cell, deleted 0 existing cell and moved 0 existing cell
INFO: [Physopt 32-949] No candidate nets found for dynamic/static region interface net replication
INFO: [Physopt 32-775] End 1 Pass. Optimized 0 net or cell. Created 0 new cell, deleted 0 existing cell and moved 0 existing cell
Netlist sorting complete. Time (s): cpu = 00:00:00 ; elapsed = 00:00:00 . Memory (MB): peak = 1731.574 ; gain = 0.000

Summary of Physical Synthesis Optimizations
============================================


-----------------------------------------------------------------------------------------------------------------------------------------------------------
|  Optimization                                     |  Added Cells  |  Removed Cells  |  Optimized Cells/Nets  |  Dont Touch  |  Iterations  |  Elapsed   |
-----------------------------------------------------------------------------------------------------------------------------------------------------------
|  LUT Combining                                    |           24  |              2  |                    26  |           0  |           1  |  00:00:00  |
|  Retime                                           |            0  |              0  |                     0  |           0  |           1  |  00:00:00  |
|  Very High Fanout                                 |            0  |              0  |                     0  |           0  |           1  |  00:00:00  |
|  DSP Register                                     |            0  |              0  |                     0  |           0  |           1  |  00:00:00  |
|  Shift Register to Pipeline                       |            0  |              0  |                     0  |           0  |           1  |  00:00:00  |
|  Shift Register                                   |            0  |              0  |                     0  |           0  |           1  |  00:00:00  |
|  BRAM Register                                    |            0  |              0  |                     0  |           0  |           1  |  00:00:00  |
|  URAM Register                                    |            0  |              0  |                     0  |           0  |           1  |  00:00:00  |
|  Dynamic/Static Region Interface Net Replication  |            0  |              0  |                     0  |           0  |           1  |  00:00:00  |
|  Total                                            |           24  |              2  |                    26  |           0  |           9  |  00:00:00  |
-----------------------------------------------------------------------------------------------------------------------------------------------------------


Phase 2.5.2 Physical Synthesis In Placer | Checksum: 12180055b

Time (s): cpu = 00:00:02 ; elapsed = 00:00:02 . Memory (MB): peak = 1731.574 ; gain = 0.000
Phase 2.5 Global Place Phase2 | Checksum: 13c3cb160

Time (s): cpu = 00:00:02 ; elapsed = 00:00:03 . Memory (MB): peak = 1731.574 ; gain = 0.000
Phase 2 Global Placement | Checksum: 13c3cb160

Time (s): cpu = 00:00:02 ; elapsed = 00:00:03 . Memory (MB): peak = 1731.574 ; gain = 0.000

Phase 3 Detail Placement

Phase 3.1 Commit Multi Column Macros
Phase 3.1 Commit Multi Column Macros | Checksum: 2120d8780

Time (s): cpu = 00:00:02 ; elapsed = 00:00:03 . Memory (MB): peak = 1731.574 ; gain = 0.000

Phase 3.2 Commit Most Macros & LUTRAMs
Phase 3.2 Commit Most Macros & LUTRAMs | Checksum: 284940a63

Time (s): cpu = 00:00:02 ; elapsed = 00:00:03 . Memory (MB): peak = 1731.574 ; gain = 0.000

Phase 3.3 Area Swap Optimization
Phase 3.3 Area Swap Optimization | Checksum: 2700a608b

Time (s): cpu = 00:00:02 ; elapsed = 00:00:03 . Memory (MB): peak = 1731.574 ; gain = 0.000

Phase 3.4 Pipeline Register Optimization
Phase 3.4 Pipeline Register Optimization | Checksum: 1d0528591

Time (s): cpu = 00:00:02 ; elapsed = 00:00:03 . Memory (MB): peak = 1731.574 ; gain = 0.000

Phase 3.5 Fast Optimization
Phase 3.5 Fast Optimization | Checksum: 21668819e

Time (s): cpu = 00:00:02 ; elapsed = 00:00:04 . Memory (MB): peak = 1731.574 ; gain = 0.000

Phase 3.6 Small Shape Detail Placement
Phase 3.6 Small Shape Detail Placement | Checksum: 16f8060f2

Time (s): cpu = 00:00:02 ; elapsed = 00:00:04 . Memory (MB): peak = 1731.574 ; gain = 0.000

Phase 3.7 Re-assign LUT pins
Phase 3.7 Re-assign LUT pins | Checksum: 24deb5b9e

Time (s): cpu = 00:00:02 ; elapsed = 00:00:04 . Memory (MB): peak = 1731.574 ; gain = 0.000

Phase 3.8 Pipeline Register Optimization
Phase 3.8 Pipeline Register Optimization | Checksum: 2ae3374ac

Time (s): cpu = 00:00:02 ; elapsed = 00:00:04 . Memory (MB): peak = 1731.574 ; gain = 0.000
Phase 3 Detail Placement | Checksum: 2ae3374ac

Time (s): cpu = 00:00:02 ; elapsed = 00:00:04 . Memory (MB): peak = 1731.574 ; gain = 0.000

Phase 4 Post Placement Optimization and Clean-Up

Phase 4.1 Post Commit Optimization
INFO: [Timing 38-35] Done setting XDC timing constraints.

Phase 4.1.1 Post Placement Optimization
Post Placement Optimization Initialization | Checksum: 28cfea27b

Phase 4.1.1.1 BUFG Insertion

Starting Physical Synthesis Task

Phase 1 Physical Synthesis Initialization
INFO: [Physopt 32-721] Multithreading enabled for phys_opt_design using a maximum of 2 CPUs
INFO: [Physopt 32-619] Estimated Timing Summary | WNS=-0.806 | TNS=-11.121 |
Phase 1 Physical Synthesis Initialization | Checksum: 19c2d200f

Time (s): cpu = 00:00:00 ; elapsed = 00:00:00.039 . Memory (MB): peak = 1731.574 ; gain = 0.000
INFO: [Place 46-56] BUFG insertion identified 0 candidate nets. Inserted BUFG: 0, Replicated BUFG Driver: 0, Skipped due to Placement/Routing Conflicts: 0, Skipped due to Timing Degradation: 0, Skipped due to netlist editing failed: 0.
Ending Physical Synthesis Task | Checksum: 1dc0c7a95

Time (s): cpu = 00:00:00 ; elapsed = 00:00:00.044 . Memory (MB): peak = 1731.574 ; gain = 0.000
Phase 4.1.1.1 BUFG Insertion | Checksum: 28cfea27b

Time (s): cpu = 00:00:03 ; elapsed = 00:00:04 . Memory (MB): peak = 1731.574 ; gain = 0.000

Phase 4.1.1.2 Post Placement Timing Optimization
INFO: [Place 30-746] Post Placement Timing Summary WNS=0.510. For the most accurate timing information please run report_timing.
Phase 4.1.1.2 Post Placement Timing Optimization | Checksum: 17aa13087

Time (s): cpu = 00:00:03 ; elapsed = 00:00:06 . Memory (MB): peak = 1731.574 ; gain = 0.000

Time (s): cpu = 00:00:03 ; elapsed = 00:00:06 . Memory (MB): peak = 1731.574 ; gain = 0.000
Phase 4.1 Post Commit Optimization | Checksum: 17aa13087

Time (s): cpu = 00:00:03 ; elapsed = 00:00:06 . Memory (MB): peak = 1731.574 ; gain = 0.000

Phase 4.2 Post Placement Cleanup
Phase 4.2 Post Placement Cleanup | Checksum: 17aa13087

Time (s): cpu = 00:00:03 ; elapsed = 00:00:06 . Memory (MB): peak = 1731.574 ; gain = 0.000

Phase 4.3 Placer Reporting

Phase 4.3.1 Print Estimated Congestion
INFO: [Place 30-612] Post-Placement Estimated Congestion 
 ____________________________________________________
|           | Global Congestion | Short Congestion  |
| Direction | Region Size       | Region Size       |
|___________|___________________|___________________|
|      North|                1x1|                2x2|
|___________|___________________|___________________|
|      South|                1x1|                1x1|
|___________|___________________|___________________|
|       East|                1x1|                1x1|
|___________|___________________|___________________|
|       West|                1x1|                1x1|
|___________|___________________|___________________|

Phase 4.3.1 Print Estimated Congestion | Checksum: 17aa13087

Time (s): cpu = 00:00:03 ; elapsed = 00:00:06 . Memory (MB): peak = 1731.574 ; gain = 0.000
Phase 4.3 Placer Reporting | Checksum: 17aa13087

Time (s): cpu = 00:00:03 ; elapsed = 00:00:06 . Memory (MB): peak = 1731.574 ; gain = 0.000

Phase 4.4 Final Placement Cleanup
Netlist sorting complete. Time (s): cpu = 00:00:00 ; elapsed = 00:00:00 . Memory (MB): peak = 1731.574 ; gain = 0.000

Time (s): cpu = 00:00:03 ; elapsed = 00:00:06 . Memory (MB): peak = 1731.574 ; gain = 0.000
Phase 4 Post Placement Optimization and Clean-Up | Checksum: e4c5b0fa

Time (s): cpu = 00:00:03 ; elapsed = 00:00:06 . Memory (MB): peak = 1731.574 ; gain = 0.000
Ending Placer Task | Checksum: b6a0ef60

Time (s): cpu = 00:00:03 ; elapsed = 00:00:06 . Memory (MB): peak = 1731.574 ; gain = 0.000
74 Infos, 101 Warnings, 100 Critical Warnings and 0 Errors encountered.
place_design completed successfully
place_design: Time (s): cpu = 00:00:04 ; elapsed = 00:00:07 . Memory (MB): peak = 1731.574 ; gain = 0.000
INFO: [Vivado 12-24838] Running report commands "report_control_sets, report_io, report_utilization" in parallel.
Running report generation with 2 threads.
INFO: [Vivado 12-24828] Executing command : report_utilization -file mips_processor_utilization_placed.rpt -pb mips_processor_utilization_placed.pb
INFO: [Vivado 12-24828] Executing command : report_control_sets -verbose -file mips_processor_control_sets_placed.rpt
report_control_sets: Time (s): cpu = 00:00:00 ; elapsed = 00:00:00.004 . Memory (MB): peak = 1731.574 ; gain = 0.000
INFO: [Vivado 12-24828] Executing command : report_io -file mips_processor_io_placed.rpt
report_io: Time (s): cpu = 00:00:00 ; elapsed = 00:00:00.080 . Memory (MB): peak = 1731.574 ; gain = 0.000
INFO: [Timing 38-480] Writing timing data to binary archive.
Write ShapeDB Complete: Time (s): cpu = 00:00:00 ; elapsed = 00:00:00.004 . Memory (MB): peak = 1731.574 ; gain = 0.000
Wrote PlaceDB: Time (s): cpu = 00:00:00 ; elapsed = 00:00:00.072 . Memory (MB): peak = 1731.574 ; gain = 0.000
Wrote PulsedLatchDB: Time (s): cpu = 00:00:00 ; elapsed = 00:00:00 . Memory (MB): peak = 1731.574 ; gain = 0.000
Writing XDEF routing.
Writing XDEF routing logical nets.
Writing XDEF routing special nets.
Wrote RouteStorage: Time (s): cpu = 00:00:00 ; elapsed = 00:00:00.023 . Memory (MB): peak = 1731.574 ; gain = 0.000
Wrote Netlist Cache: Time (s): cpu = 00:00:00 ; elapsed = 00:00:00.002 . Memory (MB): peak = 1731.574 ; gain = 0.000
Wrote Device Cache: Time (s): cpu = 00:00:00 ; elapsed = 00:00:00.008 . Memory (MB): peak = 1731.574 ; gain = 0.000
Write Physdb Complete: Time (s): cpu = 00:00:00 ; elapsed = 00:00:00.111 . Memory (MB): peak = 1731.574 ; gain = 0.000
INFO: [Common 17-1381] The checkpoint 'D:/HK241/project_1/project_1.runs/impl_1/mips_processor_placed.dcp' has been generated.
Command: phys_opt_design
Attempting to get a license for feature 'Implementation' and/or device 'xc7z020'
INFO: [Common 17-349] Got license for feature 'Implementation' and/or device 'xc7z020'

Starting Initial Update Timing Task

Time (s): cpu = 00:00:00 ; elapsed = 00:00:00.149 . Memory (MB): peak = 1737.523 ; gain = 5.949
INFO: [Vivado_Tcl 4-2279] Estimated Timing Summary | WNS= 0.510 | TNS= 0.000 | 
INFO: [Vivado_Tcl 4-383] Design worst setup slack (WNS) is greater than or equal to 0.000 ns. All physical synthesis setup optimizations will be skipped.
INFO: [Vivado_Tcl 4-232] No setup violation found. The netlist was not modified.
INFO: [Common 17-83] Releasing license: Implementation
85 Infos, 101 Warnings, 100 Critical Warnings and 0 Errors encountered.
phys_opt_design completed successfully
INFO: [Timing 38-480] Writing timing data to binary archive.
Write ShapeDB Complete: Time (s): cpu = 00:00:00 ; elapsed = 00:00:00.005 . Memory (MB): peak = 1755.414 ; gain = 0.000
Wrote PlaceDB: Time (s): cpu = 00:00:00 ; elapsed = 00:00:00.075 . Memory (MB): peak = 1755.414 ; gain = 0.000
Wrote PulsedLatchDB: Time (s): cpu = 00:00:00 ; elapsed = 00:00:00 . Memory (MB): peak = 1755.414 ; gain = 0.000
Writing XDEF routing.
Writing XDEF routing logical nets.
Writing XDEF routing special nets.
Wrote RouteStorage: Time (s): cpu = 00:00:00 ; elapsed = 00:00:00.023 . Memory (MB): peak = 1755.414 ; gain = 0.000
Wrote Netlist Cache: Time (s): cpu = 00:00:00 ; elapsed = 00:00:00.002 . Memory (MB): peak = 1755.414 ; gain = 0.000
Wrote Device Cache: Time (s): cpu = 00:00:00 ; elapsed = 00:00:00.008 . Memory (MB): peak = 1755.414 ; gain = 0.000
Write Physdb Complete: Time (s): cpu = 00:00:00 ; elapsed = 00:00:00.113 . Memory (MB): peak = 1755.414 ; gain = 0.000
INFO: [Common 17-1381] The checkpoint 'D:/HK241/project_1/project_1.runs/impl_1/mips_processor_physopt.dcp' has been generated.
Command: route_design
Attempting to get a license for feature 'Implementation' and/or device 'xc7z020'
INFO: [Common 17-349] Got license for feature 'Implementation' and/or device 'xc7z020'


Starting Routing Task
INFO: [Route 35-254] Multithreading enabled for route_design using a maximum of 2 CPUs

Phase 1 Build RT Design
Checksum: PlaceDB: 79e68976 ConstDB: 0 ShapeSum: 26c0f2fa RouteDB: 15f972f0
Post Restoration Checksum: NetGraph: 9ef3c07d | NumContArr: 206d2233 | Constraints: c2a8fa9d | Timing: c2a8fa9d
Phase 1 Build RT Design | Checksum: 244b2d7ea

Time (s): cpu = 00:00:16 ; elapsed = 00:00:24 . Memory (MB): peak = 1858.887 ; gain = 103.398

Phase 2 Router Initialization

Phase 2.1 Fix Topology Constraints
Phase 2.1 Fix Topology Constraints | Checksum: 244b2d7ea

Time (s): cpu = 00:00:16 ; elapsed = 00:00:24 . Memory (MB): peak = 1858.887 ; gain = 103.398

Phase 2.2 Pre Route Cleanup
Phase 2.2 Pre Route Cleanup | Checksum: 244b2d7ea

Time (s): cpu = 00:00:16 ; elapsed = 00:00:24 . Memory (MB): peak = 1858.887 ; gain = 103.398
 Number of Nodes with overlaps = 0

Phase 2.3 Update Timing
Phase 2.3 Update Timing | Checksum: 30faa6b77

Time (s): cpu = 00:00:16 ; elapsed = 00:00:24 . Memory (MB): peak = 1896.602 ; gain = 141.113
INFO: [Route 35-416] Intermediate Timing Summary | WNS=0.643  | TNS=0.000  | WHS=-0.109 | THS=-0.267 |


Router Utilization Summary
  Global Vertical Routing Utilization    = 0 %
  Global Horizontal Routing Utilization  = 0 %
  Routable Net Status*
  *Does not include unroutable nets such as driverless and loadless.
  Run report_route_status for detailed report.
  Number of Failed Nets               = 1121
    (Failed Nets is the sum of unrouted and partially routed nets)
  Number of Unrouted Nets             = 1121
  Number of Partially Routed Nets     = 0
  Number of Node Overlaps             = 0

Phase 2 Router Initialization | Checksum: 310dcda10

Time (s): cpu = 00:00:17 ; elapsed = 00:00:25 . Memory (MB): peak = 1896.602 ; gain = 141.113

Phase 3 Global Routing
Phase 3 Global Routing | Checksum: 310dcda10

Time (s): cpu = 00:00:17 ; elapsed = 00:00:25 . Memory (MB): peak = 1896.602 ; gain = 141.113

Phase 4 Initial Routing

Phase 4.1 Initial Net Routing Pass
Phase 4.1 Initial Net Routing Pass | Checksum: 260423625

Time (s): cpu = 00:00:17 ; elapsed = 00:00:25 . Memory (MB): peak = 1896.602 ; gain = 141.113
Phase 4 Initial Routing | Checksum: 260423625

Time (s): cpu = 00:00:17 ; elapsed = 00:00:25 . Memory (MB): peak = 1896.602 ; gain = 141.113

Phase 5 Rip-up And Reroute

Phase 5.1 Global Iteration 0
 Number of Nodes with overlaps = 845
 Number of Nodes with overlaps = 410
 Number of Nodes with overlaps = 222
 Number of Nodes with overlaps = 133
 Number of Nodes with overlaps = 94
 Number of Nodes with overlaps = 48
 Number of Nodes with overlaps = 23
 Number of Nodes with overlaps = 3
 Number of Nodes with overlaps = 3
 Number of Nodes with overlaps = 0
INFO: [Route 35-416] Intermediate Timing Summary | WNS=-0.634 | TNS=-7.029 | WHS=N/A    | THS=N/A    |

Phase 5.1 Global Iteration 0 | Checksum: 2c9832426

Time (s): cpu = 00:00:19 ; elapsed = 00:00:31 . Memory (MB): peak = 1927.914 ; gain = 172.426

Phase 5.2 Global Iteration 1
 Number of Nodes with overlaps = 377
 Number of Nodes with overlaps = 250
 Number of Nodes with overlaps = 169
 Number of Nodes with overlaps = 100
 Number of Nodes with overlaps = 68
 Number of Nodes with overlaps = 23
 Number of Nodes with overlaps = 19
 Number of Nodes with overlaps = 12
 Number of Nodes with overlaps = 6
 Number of Nodes with overlaps = 2
 Number of Nodes with overlaps = 0
INFO: [Route 35-416] Intermediate Timing Summary | WNS=-0.138 | TNS=-0.388 | WHS=N/A    | THS=N/A    |

Phase 5.2 Global Iteration 1 | Checksum: 290519841

Time (s): cpu = 00:00:22 ; elapsed = 00:00:36 . Memory (MB): peak = 1927.914 ; gain = 172.426

Phase 5.3 Global Iteration 2
 Number of Nodes with overlaps = 399
 Number of Nodes with overlaps = 214
 Number of Nodes with overlaps = 142
 Number of Nodes with overlaps = 100
 Number of Nodes with overlaps = 67
 Number of Nodes with overlaps = 42
 Number of Nodes with overlaps = 30
 Number of Nodes with overlaps = 20
 Number of Nodes with overlaps = 23
 Number of Nodes with overlaps = 19
 Number of Nodes with overlaps = 10
 Number of Nodes with overlaps = 8
 Number of Nodes with overlaps = 5
 Number of Nodes with overlaps = 0
INFO: [Route 35-416] Intermediate Timing Summary | WNS=-0.319 | TNS=-1.848 | WHS=N/A    | THS=N/A    |

Phase 5.3 Global Iteration 2 | Checksum: 34425da23

Time (s): cpu = 00:00:26 ; elapsed = 00:00:44 . Memory (MB): peak = 1927.914 ; gain = 172.426
Phase 5 Rip-up And Reroute | Checksum: 34425da23

Time (s): cpu = 00:00:26 ; elapsed = 00:00:44 . Memory (MB): peak = 1927.914 ; gain = 172.426

Phase 6 Delay and Skew Optimization

Phase 6.1 Delay CleanUp

Phase 6.1.1 Update Timing
Phase 6.1.1 Update Timing | Checksum: 363b0fab2

Time (s): cpu = 00:00:26 ; elapsed = 00:00:44 . Memory (MB): peak = 1927.914 ; gain = 172.426
INFO: [Route 35-416] Intermediate Timing Summary | WNS=0.013  | TNS=0.000  | WHS=N/A    | THS=N/A    |

Phase 6.1 Delay CleanUp | Checksum: 363b0fab2

Time (s): cpu = 00:00:26 ; elapsed = 00:00:44 . Memory (MB): peak = 1927.914 ; gain = 172.426

Phase 6.2 Clock Skew Optimization
Phase 6.2 Clock Skew Optimization | Checksum: 363b0fab2

Time (s): cpu = 00:00:26 ; elapsed = 00:00:44 . Memory (MB): peak = 1927.914 ; gain = 172.426
Phase 6 Delay and Skew Optimization | Checksum: 363b0fab2

Time (s): cpu = 00:00:26 ; elapsed = 00:00:44 . Memory (MB): peak = 1927.914 ; gain = 172.426

Phase 7 Post Hold Fix

Phase 7.1 Hold Fix Iter
INFO: [Route 35-416] Intermediate Timing Summary | WNS=0.013  | TNS=0.000  | WHS=0.204  | THS=0.000  |

Phase 7.1 Hold Fix Iter | Checksum: 2d3ab2b7c

Time (s): cpu = 00:00:26 ; elapsed = 00:00:44 . Memory (MB): peak = 1927.914 ; gain = 172.426
Phase 7 Post Hold Fix | Checksum: 2d3ab2b7c

Time (s): cpu = 00:00:26 ; elapsed = 00:00:44 . Memory (MB): peak = 1927.914 ; gain = 172.426

Phase 8 Route finalize

Router Utilization Summary
  Global Vertical Routing Utilization    = 0.407269 %
  Global Horizontal Routing Utilization  = 0.685767 %
  Routable Net Status*
  *Does not include unroutable nets such as driverless and loadless.
  Run report_route_status for detailed report.
  Number of Failed Nets               = 0
    (Failed Nets is the sum of unrouted and partially routed nets)
  Number of Unrouted Nets             = 0
  Number of Partially Routed Nets     = 0
  Number of Node Overlaps             = 0

Phase 8 Route finalize | Checksum: 2d3ab2b7c

Time (s): cpu = 00:00:26 ; elapsed = 00:00:44 . Memory (MB): peak = 1927.914 ; gain = 172.426

Phase 9 Verifying routed nets

 Verification completed successfully
Phase 9 Verifying routed nets | Checksum: 2d3ab2b7c

Time (s): cpu = 00:00:26 ; elapsed = 00:00:44 . Memory (MB): peak = 1927.914 ; gain = 172.426

Phase 10 Depositing Routes
Phase 10 Depositing Routes | Checksum: 27c3e613b

Time (s): cpu = 00:00:26 ; elapsed = 00:00:44 . Memory (MB): peak = 1927.914 ; gain = 172.426

Phase 11 Post Process Routing
Phase 11 Post Process Routing | Checksum: 27c3e613b

Time (s): cpu = 00:00:26 ; elapsed = 00:00:44 . Memory (MB): peak = 1927.914 ; gain = 172.426

Phase 12 Post Router Timing
INFO: [Route 35-57] Estimated Timing Summary | WNS=0.013  | TNS=0.000  | WHS=0.204  | THS=0.000  |

INFO: [Route 35-327] The final timing numbers are based on the router estimated timing analysis. For a complete and accurate timing signoff, please run report_timing_summary.
Phase 12 Post Router Timing | Checksum: 27c3e613b

Time (s): cpu = 00:00:26 ; elapsed = 00:00:44 . Memory (MB): peak = 1927.914 ; gain = 172.426
Total Elapsed time in route_design: 44.12 secs

Phase 13 Post-Route Event Processing
Phase 13 Post-Route Event Processing | Checksum: e3868e58

Time (s): cpu = 00:00:26 ; elapsed = 00:00:44 . Memory (MB): peak = 1927.914 ; gain = 172.426
INFO: [Route 35-16] Router Completed Successfully
Ending Routing Task | Checksum: e3868e58

Time (s): cpu = 00:00:26 ; elapsed = 00:00:44 . Memory (MB): peak = 1927.914 ; gain = 172.426

Routing Is Done.
INFO: [Common 17-83] Releasing license: Implementation
99 Infos, 101 Warnings, 100 Critical Warnings and 0 Errors encountered.
route_design completed successfully
route_design: Time (s): cpu = 00:00:26 ; elapsed = 00:00:44 . Memory (MB): peak = 1927.914 ; gain = 172.500
INFO: [Vivado 12-24828] Executing command : report_drc -file mips_processor_drc_routed.rpt -pb mips_processor_drc_routed.pb -rpx mips_processor_drc_routed.rpx
Command: report_drc -file mips_processor_drc_routed.rpt -pb mips_processor_drc_routed.pb -rpx mips_processor_drc_routed.rpx
INFO: [IP_Flow 19-1839] IP Catalog is up to date.
INFO: [DRC 23-27] Running DRC with 2 threads
INFO: [Vivado_Tcl 2-168] The results of DRC are in file D:/HK241/project_1/project_1.runs/impl_1/mips_processor_drc_routed.rpt.
report_drc completed successfully
INFO: [Vivado 12-24828] Executing command : report_methodology -file mips_processor_methodology_drc_routed.rpt -pb mips_processor_methodology_drc_routed.pb -rpx mips_processor_methodology_drc_routed.rpx
Command: report_methodology -file mips_processor_methodology_drc_routed.rpt -pb mips_processor_methodology_drc_routed.pb -rpx mips_processor_methodology_drc_routed.rpx
INFO: [Timing 38-35] Done setting XDC timing constraints.
INFO: [DRC 23-133] Running Methodology with 2 threads
INFO: [Vivado_Tcl 2-1520] The results of Report Methodology are in file D:/HK241/project_1/project_1.runs/impl_1/mips_processor_methodology_drc_routed.rpt.
report_methodology completed successfully
INFO: [Vivado 12-24828] Executing command : report_timing_summary -max_paths 10 -report_unconstrained -file mips_processor_timing_summary_routed.rpt -pb mips_processor_timing_summary_routed.pb -rpx mips_processor_timing_summary_routed.rpx -warn_on_violation 
INFO: [Timing 38-35] Done setting XDC timing constraints.
INFO: [Timing 38-91] UpdateTimingParams: Speed grade: -1, Delay Type: min_max.
INFO: [Timing 38-191] Multithreading enabled for timing update using a maximum of 2 CPUs
INFO: [Vivado 12-24838] Running report commands "report_incremental_reuse, report_route_status" in parallel.
Running report generation with 2 threads.
INFO: [Vivado 12-24828] Executing command : report_route_status -file mips_processor_route_status.rpt -pb mips_processor_route_status.pb
INFO: [Vivado 12-24828] Executing command : report_incremental_reuse -file mips_processor_incremental_reuse_routed.rpt
INFO: [Vivado_Tcl 4-1062] Incremental flow is disabled. No incremental reuse Info to report.
INFO: [Vivado 12-24828] Executing command : report_power -file mips_processor_power_routed.rpt -pb mips_processor_power_summary_routed.pb -rpx mips_processor_power_routed.rpx
Command: report_power -file mips_processor_power_routed.rpt -pb mips_processor_power_summary_routed.pb -rpx mips_processor_power_routed.rpx
Running Vector-less Activity Propagation...

Finished Running Vector-less Activity Propagation
116 Infos, 101 Warnings, 100 Critical Warnings and 0 Errors encountered.
report_power completed successfully
INFO: [Vivado 12-24828] Executing command : report_clock_utilization -file mips_processor_clock_utilization_routed.rpt
INFO: [Vivado 12-24828] Executing command : report_bus_skew -warn_on_violation -file mips_processor_bus_skew_routed.rpt -pb mips_processor_bus_skew_routed.pb -rpx mips_processor_bus_skew_routed.rpx
INFO: [Timing 38-91] UpdateTimingParams: Speed grade: -1, Delay Type: min_max.
INFO: [Timing 38-191] Multithreading enabled for timing update using a maximum of 2 CPUs
generate_parallel_reports: Time (s): cpu = 00:00:05 ; elapsed = 00:00:07 . Memory (MB): peak = 1975.797 ; gain = 47.883
Write ShapeDB Complete: Time (s): cpu = 00:00:00 ; elapsed = 00:00:00.006 . Memory (MB): peak = 1975.930 ; gain = 0.023
INFO: [Timing 38-480] Writing timing data to binary archive.
Wrote PlaceDB: Time (s): cpu = 00:00:00 ; elapsed = 00:00:00.076 . Memory (MB): peak = 1975.930 ; gain = 0.000
Wrote PulsedLatchDB: Time (s): cpu = 00:00:00 ; elapsed = 00:00:00 . Memory (MB): peak = 1975.930 ; gain = 0.000
Writing XDEF routing.
Writing XDEF routing logical nets.
Writing XDEF routing special nets.
Wrote RouteStorage: Time (s): cpu = 00:00:00 ; elapsed = 00:00:00.033 . Memory (MB): peak = 1975.930 ; gain = 0.000
Wrote Netlist Cache: Time (s): cpu = 00:00:00 ; elapsed = 00:00:00.002 . Memory (MB): peak = 1975.930 ; gain = 0.000
Wrote Device Cache: Time (s): cpu = 00:00:00 ; elapsed = 00:00:00.008 . Memory (MB): peak = 1975.930 ; gain = 0.000
Write Physdb Complete: Time (s): cpu = 00:00:00 ; elapsed = 00:00:00.124 . Memory (MB): peak = 1975.930 ; gain = 0.000
INFO: [Common 17-1381] The checkpoint 'D:/HK241/project_1/project_1.runs/impl_1/mips_processor_routed.dcp' has been generated.
INFO: [Common 17-206] Exiting Vivado at Tue Jan  7 16:44:15 2025...
